2014-09-09 22:40:26.343 btcTape-playground[8339:70b] Multi-tasking -> Device: YES, App: YES
2014-09-09 22:40:26.364 btcTape-playground[8339:70b] Unlimited access to network resources
2014-09-09 22:40:26.573 btcTape-playground[8339:70b] [CDVTimer][keyboard] 0.054002ms
2014-09-09 22:40:26.574 btcTape-playground[8339:70b] CDVPlugin class CDVStatusBar (pluginName: statusbar) does not exist.
2014-09-09 22:40:26.574 btcTape-playground[8339:70b] [CDVTimer][statusbar] 0.310004ms
2014-09-09 22:40:26.574 btcTape-playground[8339:70b] [CDVTimer][TotalPluginStartup] 1.011968ms
2014-09-09 22:40:26.690 btcTape-playground[8339:70b] Resetting plugins due to page load.
2014-09-09 22:40:26.858 btcTape-playground[8339:70b] Finished load of: file:///Users/jamesobrien/Library/Application%20Support/iPhone%20Simulator/7.1/Applications/DBB7CA22-6D86-42DD-8982-2A0C1DEAB6DA/btcTape-playground.app/www/index.html
2014-09-10 23:34:09.895 btcTape-playground[80857:70b] Multi-tasking -> Device: YES, App: YES
2014-09-10 23:34:09.932 btcTape-playground[80857:70b] Unlimited access to network resources
2014-09-10 23:34:09.982 btcTape-playground[80857:70b] [CDVTimer][keyboard] 0.075996ms
2014-09-10 23:34:09.983 btcTape-playground[80857:70b] CDVPlugin class CDVStatusBar (pluginName: statusbar) does not exist.
2014-09-10 23:34:09.985 btcTape-playground[80857:70b] [CDVTimer][statusbar] 1.415014ms
2014-09-10 23:34:09.985 btcTape-playground[80857:70b] [CDVTimer][TotalPluginStartup] 2.852023ms
2014-09-10 23:34:10.147 btcTape-playground[80857:70b] Resetting plugins due to page load.
2014-09-10 23:34:10.363 btcTape-playground[80857:70b] Finished load of: file:///Users/jamesobrien/Library/Application%20Support/iPhone%20Simulator/7.1/Applications/DBB7CA22-6D86-42DD-8982-2A0C1DEAB6DA/btcTape-playground.app/www/index.html
2014-09-11 00:00:44.289 btcTape-playground[84431:70b] Multi-tasking -> Device: YES, App: YES
2014-09-11 00:00:44.324 btcTape-playground[84431:70b] Unlimited access to network resources
2014-09-11 00:00:44.374 btcTape-playground[84431:70b] [CDVTimer][keyboard] 0.070989ms
2014-09-11 00:00:44.375 btcTape-playground[84431:70b] CDVPlugin class CDVStatusBar (pluginName: statusbar) does not exist.
2014-09-11 00:00:44.375 btcTape-playground[84431:70b] [CDVTimer][statusbar] 0.663996ms
2014-09-11 00:00:44.376 btcTape-playground[84431:70b] [CDVTimer][TotalPluginStartup] 2.185047ms
2014-09-11 00:00:44.514 btcTape-playground[84431:70b] Resetting plugins due to page load.
2014-09-11 00:00:44.710 btcTape-playground[84431:70b] Finished load of: file:///Users/jamesobrien/Library/Application%20Support/iPhone%20Simulator/7.1/Applications/DBB7CA22-6D86-42DD-8982-2A0C1DEAB6DA/btcTape-playground.app/www/index.html
